<?xml version="1.0" encoding="UTF-8"?>
<!-- Generated by org.testng.reporters.JUnitReportReporter -->
<testsuite skipped="0" hostname="LAPTOP-L3675DRK" name="com.jiraAPI.Authentication" tests="1" failures="0" timestamp="06 Sep 2020 18:43:17 GMT" time="9.088" errors="0">
  <testcase name="createIssue" time="9.088" classname="com.jiraAPI.Authentication"/>
</testsuite> <!-- com.jiraAPI.Authentication -->
